0 info it worked if it ends with ok
1 verbose cli [ '/usr/local/bin/node', '/usr/local/bin/npm', 'start' ]
2 info using npm@3.9.5
3 info using node@v6.2.2
4 verbose run-script [ 'prestart', 'start', 'poststart' ]
5 info lifecycle be-aware@1.0.0~prestart: be-aware@1.0.0
6 silly lifecycle be-aware@1.0.0~prestart: no script for prestart, continuing
7 info lifecycle be-aware@1.0.0~start: be-aware@1.0.0
8 verbose lifecycle be-aware@1.0.0~start: unsafe-perm in lifecycle true
9 verbose lifecycle be-aware@1.0.0~start: PATH: /usr/local/lib/node_modules/npm/bin/node-gyp-bin:/Users/khan32m/git_repos/beAware_4Aug/node_modules/.bin:/usr/local/bin:/Applications/Macaulay2-1.6/bin:/usr/local/bin:/usr/local/sbin:/usr/local/bin:/usr/bin:/bin:/usr/sbin:/sbin:/Applications/Android Studio.app/sdk/platform-tools:/opt/X11/bin:/usr/local/git/bin:/usr/texbin:/Applications/MATLAB_R2014a.app/bin:/Users/khan32m/Qt/5.3/clang_64/bin/:/Users/khan32m/Downloads/sip-4.16.2/sipgen:/usr/local/Cellar/pyqt/4.10.4/:/Applications/MATLAB_2014a.app/bin/:/usr/local/go/bin
10 verbose lifecycle be-aware@1.0.0~start: CWD: /Users/khan32m/git_repos/beAware_4Aug
11 silly lifecycle be-aware@1.0.0~start: Args: [ '-c', 'node server' ]
12 silly lifecycle be-aware@1.0.0~start: Returned: code: 1  signal: null
13 info lifecycle be-aware@1.0.0~start: Failed to exec start script
14 verbose stack Error: be-aware@1.0.0 start: `node server`
14 verbose stack Exit status 1
14 verbose stack     at EventEmitter.<anonymous> (/usr/local/lib/node_modules/npm/lib/utils/lifecycle.js:245:16)
14 verbose stack     at emitTwo (events.js:106:13)
14 verbose stack     at EventEmitter.emit (events.js:191:7)
14 verbose stack     at ChildProcess.<anonymous> (/usr/local/lib/node_modules/npm/lib/utils/spawn.js:24:14)
14 verbose stack     at emitTwo (events.js:106:13)
14 verbose stack     at ChildProcess.emit (events.js:191:7)
14 verbose stack     at maybeClose (internal/child_process.js:852:16)
14 verbose stack     at Process.ChildProcess._handle.onexit (internal/child_process.js:215:5)
15 verbose pkgid be-aware@1.0.0
16 verbose cwd /Users/khan32m/git_repos/beAware_4Aug
17 error Darwin 15.6.0
18 error argv "/usr/local/bin/node" "/usr/local/bin/npm" "start"
19 error node v6.2.2
20 error npm  v3.9.5
21 error code ELIFECYCLE
22 error be-aware@1.0.0 start: `node server`
22 error Exit status 1
23 error Failed at the be-aware@1.0.0 start script 'node server'.
23 error Make sure you have the latest version of node.js and npm installed.
23 error If you do, this is most likely a problem with the be-aware package,
23 error not with npm itself.
23 error Tell the author that this fails on your system:
23 error     node server
23 error You can get information on how to open an issue for this project with:
23 error     npm bugs be-aware
23 error Or if that isn't available, you can get their info via:
23 error     npm owner ls be-aware
23 error There is likely additional logging output above.
24 verbose exit [ 1, true ]
